1599717868631	geckodriver	INFO	Listening on 127.0.0.1:52296
1599717871695	mozrunner::runner	INFO	Running command: "C:\\Program Files\\Mozilla Firefox\\firefox.exe" "--marionette" "-foreground" "-no-remote" "-profile" "C:\\Users\\filjo\\AppData\\Local\\Temp\\rust_mozprofileu2Gz0a"
JavaScript error: resource://gre/modules/XULStore.jsm, line 66: Error: Can't find profile directory.
console.error: SearchCache: "_readCacheFile: Error reading cache file:" (new Error("", "(unknown module)"))
JavaScript error: resource:///modules/UrlbarInput.jsm, line 2259: TypeError: event.target.closest is not a function
1599717877341	Marionette	INFO	Listening on port 52304
1599717877638	Marionette	WARN	TLS certificate errors will be ignored for this session
JavaScript warning: https://stepik.azureedge.net/static/frontend-build/vendor.js?v=1599505350, line 2923: unreachable code after return statement
JavaScript warning: https://stepik.azureedge.net/static/frontend-build/vendor.js?v=1599505350, line 2923: unreachable code after return statement
1599717944722	Marionette	INFO	Stopped listening on port 52304

###!!! [Child][RunMessage] Error: Channel closing: too late to send/recv, messages will be lost


###!!! [Child][MessageChannel::SendAndWait] Error: Channel error: cannot send/recv

1599718038383	geckodriver	INFO	Listening on 127.0.0.1:52481
1599718041453	mozrunner::runner	INFO	Running command: "C:\\Program Files\\Mozilla Firefox\\firefox.exe" "--marionette" "-foreground" "-no-remote" "-profile" "C:\\Users\\filjo\\AppData\\Local\\Temp\\rust_mozprofileNy67Qt"
JavaScript error: resource://gre/modules/XULStore.jsm, line 66: Error: Can't find profile directory.
console.error: SearchCache: "_readCacheFile: Error reading cache file:" (new Error("", "(unknown module)"))
1599718047390	Marionette	INFO	Listening on port 52491
1599718047803	Marionette	WARN	TLS certificate errors will be ignored for this session
JavaScript warning: https://stepik.azureedge.net/static/frontend-build/vendor.js?v=1599505350, line 2923: unreachable code after return statement
JavaScript warning: https://stepik.azureedge.net/static/frontend-build/vendor.js?v=1599505350, line 2923: unreachable code after return statement
IPDL protocol error: Handler returned error code!

###!!! [Parent][DispatchAsyncMessage] Error: PLayerTransaction::Msg_ReleaseLayer Processing error: message was deserialized, but the handler returned false (indicating failure)

IPDL protocol error: Handler returned error code!

###!!! [Parent][DispatchAsyncMessage] Error: PLayerTransaction::Msg_ReleaseLayer Processing error: message was deserialized, but the handler returned false (indicating failure)


###!!! [Child][RunMessage] Error: Channel closing: too late to send/recv, messages will be lost


###!!! [Child][RunMessage] Error: Channel closing: too late to send/recv, messages will be lost

1599718076736	Marionette	INFO	Stopped listening on port 52491

###!!! [Child][RunMessage] Error: Channel closing: too late to send/recv, messages will be lost


###!!! [Child][MessageChannel::SendAndWait] Error: Channel error: cannot send/recv

